[2021-08-01 09:28:31] local.ERROR: Command "make" is not defined.

Did you mean one of these?
    make:cast
    make:channel
    make:command
    make:component
    make:controller
    make:event
    make:exception
    make:factory
    make:job
    make:listener
    make:mail
    make:middleware
    make:migration
    make:model
    make:notification
    make:observer
    make:policy
    make:provider
    make:request
    make:resource
    make:rule
    make:seeder
    make:test {"exception":"[object] (Symfony\\Component\\Console\\Exception\\CommandNotFoundException(code: 0): Command \"make\" is not defined.

Did you mean one of these?
    make:cast
    make:channel
    make:command
    make:component
    make:controller
    make:event
    make:exception
    make:factory
    make:job
    make:listener
    make:mail
    make:middleware
    make:migration
    make:model
    make:notification
    make:observer
    make:policy
    make:provider
    make:request
    make:resource
    make:rule
    make:seeder
    make:test at /mnt/c/Users/hugo/PhpstormProjects/crm/vendor/symfony/console/Application.php:682)
[stacktrace]
#0 /mnt/c/Users/hugo/PhpstormProjects/crm/vendor/symfony/console/Application.php(255): Symfony\\Component\\Console\\Application->find('make')
#1 /mnt/c/Users/hugo/PhpstormProjects/crm/vendor/symfony/console/Application.php(167): Symfony\\Component\\Console\\Application->doRun(Object(Symfony\\Component\\Console\\Input\\ArgvInput), Object(Symfony\\Component\\Console\\Output\\ConsoleOutput))
#2 /mnt/c/Users/hugo/PhpstormProjects/crm/vendor/laravel/framework/src/Illuminate/Console/Application.php(92): Symfony\\Component\\Console\\Application->run(Object(Symfony\\Component\\Console\\Input\\ArgvInput), Object(Symfony\\Component\\Console\\Output\\ConsoleOutput))
#3 /mnt/c/Users/hugo/PhpstormProjects/crm/vendor/laravel/framework/src/Illuminate/Foundation/Console/Kernel.php(129): Illuminate\\Console\\Application->run(Object(Symfony\\Component\\Console\\Input\\ArgvInput), Object(Symfony\\Component\\Console\\Output\\ConsoleOutput))
#4 /mnt/c/Users/hugo/PhpstormProjects/crm/artisan(37): Illuminate\\Foundation\\Console\\Kernel->handle(Object(Symfony\\Component\\Console\\Input\\ArgvInput), Object(Symfony\\Component\\Console\\Output\\ConsoleOutput))
#5 {main}
"} 
[2021-08-01 22:29:35] local.ERROR: could not find driver (SQL: select max(`batch`) as aggregate from `migrations`) {"exception":"[object] (Illuminate\\Database\\QueryException(code: 0): could not find driver (SQL: select max(`batch`) as aggregate from `migrations`) at /mnt/c/Users/hugo/PhpstormProjects/crm/vendor/laravel/framework/src/Illuminate/Database/Connection.php:692)
[stacktrace]
#0 /mnt/c/Users/hugo/PhpstormProjects/crm/vendor/laravel/framework/src/Illuminate/Database/Connection.php(652): Illuminate\\Database\\Connection->runQueryCallback('select max(`bat...', Array, Object(Closure))
#1 /mnt/c/Users/hugo/PhpstormProjects/crm/vendor/laravel/framework/src/Illuminate/Database/Connection.php(360): Illuminate\\Database\\Connection->run('select max(`bat...', Array, Object(Closure))
#2 /mnt/c/Users/hugo/PhpstormProjects/crm/vendor/laravel/framework/src/Illuminate/Database/Query/Builder.php(2351): Illuminate\\Database\\Connection->select('select max(`bat...', Array, false)
#3 /mnt/c/Users/hugo/PhpstormProjects/crm/vendor/laravel/framework/src/Illuminate/Database/Query/Builder.php(2339): Illuminate\\Database\\Query\\Builder->runSelect()
#4 /mnt/c/Users/hugo/PhpstormProjects/crm/vendor/laravel/framework/src/Illuminate/Database/Query/Builder.php(2905): Illuminate\\Database\\Query\\Builder->Illuminate\\Database\\Query\\{closure}()
#5 /mnt/c/Users/hugo/PhpstormProjects/crm/vendor/laravel/framework/src/Illuminate/Database/Query/Builder.php(2340): Illuminate\\Database\\Query\\Builder->onceWithColumns(Array, Object(Closure))
#6 /mnt/c/Users/hugo/PhpstormProjects/crm/vendor/laravel/framework/src/Illuminate/Database/Query/Builder.php(2832): Illuminate\\Database\\Query\\Builder->get(Array)
#7 /mnt/c/Users/hugo/PhpstormProjects/crm/vendor/laravel/framework/src/Illuminate/Database/Query/Builder.php(2782): Illuminate\\Database\\Query\\Builder->aggregate('max', Array)
#8 /mnt/c/Users/hugo/PhpstormProjects/crm/vendor/laravel/framework/src/Illuminate/Database/Migrations/DatabaseMigrationRepository.php(138): Illuminate\\Database\\Query\\Builder->max('batch')
#9 /mnt/c/Users/hugo/PhpstormProjects/crm/vendor/laravel/framework/src/Illuminate/Database/Migrations/DatabaseMigrationRepository.php(78): Illuminate\\Database\\Migrations\\DatabaseMigrationRepository->getLastBatchNumber()
#10 /mnt/c/Users/hugo/PhpstormProjects/crm/vendor/laravel/framework/src/Illuminate/Database/Migrations/Migrator.php(251): Illuminate\\Database\\Migrations\\DatabaseMigrationRepository->getLast()
#11 /mnt/c/Users/hugo/PhpstormProjects/crm/vendor/laravel/framework/src/Illuminate/Database/Migrations/Migrator.php(226): Illuminate\\Database\\Migrations\\Migrator->getMigrationsForRollback(Array)
#12 /mnt/c/Users/hugo/PhpstormProjects/crm/vendor/laravel/framework/src/Illuminate/Database/Console/Migrations/RollbackCommand.php(62): Illuminate\\Database\\Migrations\\Migrator->rollback(Array, Array)
#13 /mnt/c/Users/hugo/PhpstormProjects/crm/vendor/laravel/framework/src/Illuminate/Database/Migrations/Migrator.php(585): Illuminate\\Database\\Console\\Migrations\\RollbackCommand->Illuminate\\Database\\Console\\Migrations\\{closure}()
#14 /mnt/c/Users/hugo/PhpstormProjects/crm/vendor/laravel/framework/src/Illuminate/Database/Console/Migrations/RollbackCommand.php(65): Illuminate\\Database\\Migrations\\Migrator->usingConnection(NULL, Object(Closure))
#15 /mnt/c/Users/hugo/PhpstormProjects/crm/vendor/laravel/framework/src/Illuminate/Container/BoundMethod.php(36): Illuminate\\Database\\Console\\Migrations\\RollbackCommand->handle()
#16 /mnt/c/Users/hugo/PhpstormProjects/crm/vendor/laravel/framework/src/Illuminate/Container/Util.php(40): Illuminate\\Container\\BoundMethod::Illuminate\\Container\\{closure}()
#17 /mnt/c/Users/hugo/PhpstormProjects/crm/vendor/laravel/framework/src/Illuminate/Container/BoundMethod.php(93): Illuminate\\Container\\Util::unwrapIfClosure(Object(Closure))
#18 /mnt/c/Users/hugo/PhpstormProjects/crm/vendor/laravel/framework/src/Illuminate/Container/BoundMethod.php(37): Illuminate\\Container\\BoundMethod::callBoundMethod(Object(Illuminate\\Foundation\\Application), Array, Object(Closure))
#19 /mnt/c/Users/hugo/PhpstormProjects/crm/vendor/laravel/framework/src/Illuminate/Container/Container.php(651): Illuminate\\Container\\BoundMethod::call(Object(Illuminate\\Foundation\\Application), Array, Array, NULL)
#20 /mnt/c/Users/hugo/PhpstormProjects/crm/vendor/laravel/framework/src/Illuminate/Console/Command.php(136): Illuminate\\Container\\Container->call(Array)
#21 /mnt/c/Users/hugo/PhpstormProjects/crm/vendor/symfony/console/Command/Command.php(299): Illuminate\\Console\\Command->execute(Object(Symfony\\Component\\Console\\Input\\ArgvInput), Object(Illuminate\\Console\\OutputStyle))
#22 /mnt/c/Users/hugo/PhpstormProjects/crm/vendor/laravel/framework/src/Illuminate/Console/Command.php(121): Symfony\\Component\\Console\\Command\\Command->run(Object(Symfony\\Component\\Console\\Input\\ArgvInput), Object(Illuminate\\Console\\OutputStyle))
#23 /mnt/c/Users/hugo/PhpstormProjects/crm/vendor/symfony/console/Application.php(978): Illuminate\\Console\\Command->run(Object(Symfony\\Component\\Console\\Input\\ArgvInput), Object(Symfony\\Component\\Console\\Output\\ConsoleOutput))
#24 /mnt/c/Users/hugo/PhpstormProjects/crm/vendor/symfony/console/Application.php(295): Symfony\\Component\\Console\\Application->doRunCommand(Object(Illuminate\\Database\\Console\\Migrations\\RollbackCommand), Object(Symfony\\Component\\Console\\Input\\ArgvInput), Object(Symfony\\Component\\Console\\Output\\ConsoleOutput))
#25 /mnt/c/Users/hugo/PhpstormProjects/crm/vendor/symfony/console/Application.php(167): Symfony\\Component\\Console\\Application->doRun(Object(Symfony\\Component\\Console\\Input\\ArgvInput), Object(Symfony\\Component\\Console\\Output\\ConsoleOutput))
#26 /mnt/c/Users/hugo/PhpstormProjects/crm/vendor/laravel/framework/src/Illuminate/Console/Application.php(92): Symfony\\Component\\Console\\Application->run(Object(Symfony\\Component\\Console\\Input\\ArgvInput), Object(Symfony\\Component\\Console\\Output\\ConsoleOutput))
#27 /mnt/c/Users/hugo/PhpstormProjects/crm/vendor/laravel/framework/src/Illuminate/Foundation/Console/Kernel.php(129): Illuminate\\Console\\Application->run(Object(Symfony\\Component\\Console\\Input\\ArgvInput), Object(Symfony\\Component\\Console\\Output\\ConsoleOutput))
#28 /mnt/c/Users/hugo/PhpstormProjects/crm/artisan(37): Illuminate\\Foundation\\Console\\Kernel->handle(Object(Symfony\\Component\\Console\\Input\\ArgvInput), Object(Symfony\\Component\\Console\\Output\\ConsoleOutput))
#29 {main}

[previous exception] [object] (PDOException(code: 0): could not find driver at /mnt/c/Users/hugo/PhpstormProjects/crm/vendor/laravel/framework/src/Illuminate/Database/Connectors/Connector.php:70)
[stacktrace]
#0 /mnt/c/Users/hugo/PhpstormProjects/crm/vendor/laravel/framework/src/Illuminate/Database/Connectors/Connector.php(70): PDO->__construct('mysql:unix_sock...', 'root', '3671', Array)
#1 /mnt/c/Users/hugo/PhpstormProjects/crm/vendor/laravel/framework/src/Illuminate/Database/Connectors/Connector.php(46): Illuminate\\Database\\Connectors\\Connector->createPdoConnection('mysql:unix_sock...', 'root', '3671', Array)
#2 /mnt/c/Users/hugo/PhpstormProjects/crm/vendor/laravel/framework/src/Illuminate/Database/Connectors/MySqlConnector.php(24): Illuminate\\Database\\Connectors\\Connector->createConnection('mysql:unix_sock...', Array, Array)
#3 /mnt/c/Users/hugo/PhpstormProjects/crm/vendor/laravel/framework/src/Illuminate/Database/Connectors/ConnectionFactory.php(184): Illuminate\\Database\\Connectors\\MySqlConnector->connect(Array)
#4 [internal function]: Illuminate\\Database\\Connectors\\ConnectionFactory->Illuminate\\Database\\Connectors\\{closure}()
#5 /mnt/c/Users/hugo/PhpstormProjects/crm/vendor/laravel/framework/src/Illuminate/Database/Connection.php(999): call_user_func(Object(Closure))
#6 /mnt/c/Users/hugo/PhpstormProjects/crm/vendor/laravel/framework/src/Illuminate/Database/Connection.php(426): Illuminate\\Database\\Connection->getPdo()
#7 /mnt/c/Users/hugo/PhpstormProjects/crm/vendor/laravel/framework/src/Illuminate/Database/Connection.php(352): Illuminate\\Database\\Connection->getPdoForSelect(false)
#8 /mnt/c/Users/hugo/PhpstormProjects/crm/vendor/laravel/framework/src/Illuminate/Database/Connection.php(685): Illuminate\\Database\\Connection->Illuminate\\Database\\{closure}('select max(`bat...', Array)
#9 /mnt/c/Users/hugo/PhpstormProjects/crm/vendor/laravel/framework/src/Illuminate/Database/Connection.php(652): Illuminate\\Database\\Connection->runQueryCallback('select max(`bat...', Array, Object(Closure))
#10 /mnt/c/Users/hugo/PhpstormProjects/crm/vendor/laravel/framework/src/Illuminate/Database/Connection.php(360): Illuminate\\Database\\Connection->run('select max(`bat...', Array, Object(Closure))
#11 /mnt/c/Users/hugo/PhpstormProjects/crm/vendor/laravel/framework/src/Illuminate/Database/Query/Builder.php(2351): Illuminate\\Database\\Connection->select('select max(`bat...', Array, false)
#12 /mnt/c/Users/hugo/PhpstormProjects/crm/vendor/laravel/framework/src/Illuminate/Database/Query/Builder.php(2339): Illuminate\\Database\\Query\\Builder->runSelect()
#13 /mnt/c/Users/hugo/PhpstormProjects/crm/vendor/laravel/framework/src/Illuminate/Database/Query/Builder.php(2905): Illuminate\\Database\\Query\\Builder->Illuminate\\Database\\Query\\{closure}()
#14 /mnt/c/Users/hugo/PhpstormProjects/crm/vendor/laravel/framework/src/Illuminate/Database/Query/Builder.php(2340): Illuminate\\Database\\Query\\Builder->onceWithColumns(Array, Object(Closure))
#15 /mnt/c/Users/hugo/PhpstormProjects/crm/vendor/laravel/framework/src/Illuminate/Database/Query/Builder.php(2832): Illuminate\\Database\\Query\\Builder->get(Array)
#16 /mnt/c/Users/hugo/PhpstormProjects/crm/vendor/laravel/framework/src/Illuminate/Database/Query/Builder.php(2782): Illuminate\\Database\\Query\\Builder->aggregate('max', Array)
#17 /mnt/c/Users/hugo/PhpstormProjects/crm/vendor/laravel/framework/src/Illuminate/Database/Migrations/DatabaseMigrationRepository.php(138): Illuminate\\Database\\Query\\Builder->max('batch')
#18 /mnt/c/Users/hugo/PhpstormProjects/crm/vendor/laravel/framework/src/Illuminate/Database/Migrations/DatabaseMigrationRepository.php(78): Illuminate\\Database\\Migrations\\DatabaseMigrationRepository->getLastBatchNumber()
#19 /mnt/c/Users/hugo/PhpstormProjects/crm/vendor/laravel/framework/src/Illuminate/Database/Migrations/Migrator.php(251): Illuminate\\Database\\Migrations\\DatabaseMigrationRepository->getLast()
#20 /mnt/c/Users/hugo/PhpstormProjects/crm/vendor/laravel/framework/src/Illuminate/Database/Migrations/Migrator.php(226): Illuminate\\Database\\Migrations\\Migrator->getMigrationsForRollback(Array)
#21 /mnt/c/Users/hugo/PhpstormProjects/crm/vendor/laravel/framework/src/Illuminate/Database/Console/Migrations/RollbackCommand.php(62): Illuminate\\Database\\Migrations\\Migrator->rollback(Array, Array)
#22 /mnt/c/Users/hugo/PhpstormProjects/crm/vendor/laravel/framework/src/Illuminate/Database/Migrations/Migrator.php(585): Illuminate\\Database\\Console\\Migrations\\RollbackCommand->Illuminate\\Database\\Console\\Migrations\\{closure}()
#23 /mnt/c/Users/hugo/PhpstormProjects/crm/vendor/laravel/framework/src/Illuminate/Database/Console/Migrations/RollbackCommand.php(65): Illuminate\\Database\\Migrations\\Migrator->usingConnection(NULL, Object(Closure))
#24 /mnt/c/Users/hugo/PhpstormProjects/crm/vendor/laravel/framework/src/Illuminate/Container/BoundMethod.php(36): Illuminate\\Database\\Console\\Migrations\\RollbackCommand->handle()
#25 /mnt/c/Users/hugo/PhpstormProjects/crm/vendor/laravel/framework/src/Illuminate/Container/Util.php(40): Illuminate\\Container\\BoundMethod::Illuminate\\Container\\{closure}()
#26 /mnt/c/Users/hugo/PhpstormProjects/crm/vendor/laravel/framework/src/Illuminate/Container/BoundMethod.php(93): Illuminate\\Container\\Util::unwrapIfClosure(Object(Closure))
#27 /mnt/c/Users/hugo/PhpstormProjects/crm/vendor/laravel/framework/src/Illuminate/Container/BoundMethod.php(37): Illuminate\\Container\\BoundMethod::callBoundMethod(Object(Illuminate\\Foundation\\Application), Array, Object(Closure))
#28 /mnt/c/Users/hugo/PhpstormProjects/crm/vendor/laravel/framework/src/Illuminate/Container/Container.php(651): Illuminate\\Container\\BoundMethod::call(Object(Illuminate\\Foundation\\Application), Array, Array, NULL)
#29 /mnt/c/Users/hugo/PhpstormProjects/crm/vendor/laravel/framework/src/Illuminate/Console/Command.php(136): Illuminate\\Container\\Container->call(Array)
#30 /mnt/c/Users/hugo/PhpstormProjects/crm/vendor/symfony/console/Command/Command.php(299): Illuminate\\Console\\Command->execute(Object(Symfony\\Component\\Console\\Input\\ArgvInput), Object(Illuminate\\Console\\OutputStyle))
#31 /mnt/c/Users/hugo/PhpstormProjects/crm/vendor/laravel/framework/src/Illuminate/Console/Command.php(121): Symfony\\Component\\Console\\Command\\Command->run(Object(Symfony\\Component\\Console\\Input\\ArgvInput), Object(Illuminate\\Console\\OutputStyle))
#32 /mnt/c/Users/hugo/PhpstormProjects/crm/vendor/symfony/console/Application.php(978): Illuminate\\Console\\Command->run(Object(Symfony\\Component\\Console\\Input\\ArgvInput), Object(Symfony\\Component\\Console\\Output\\ConsoleOutput))
#33 /mnt/c/Users/hugo/PhpstormProjects/crm/vendor/symfony/console/Application.php(295): Symfony\\Component\\Console\\Application->doRunCommand(Object(Illuminate\\Database\\Console\\Migrations\\RollbackCommand), Object(Symfony\\Component\\Console\\Input\\ArgvInput), Object(Symfony\\Component\\Console\\Output\\ConsoleOutput))
#34 /mnt/c/Users/hugo/PhpstormProjects/crm/vendor/symfony/console/Application.php(167): Symfony\\Component\\Console\\Application->doRun(Object(Symfony\\Component\\Console\\Input\\ArgvInput), Object(Symfony\\Component\\Console\\Output\\ConsoleOutput))
#35 /mnt/c/Users/hugo/PhpstormProjects/crm/vendor/laravel/framework/src/Illuminate/Console/Application.php(92): Symfony\\Component\\Console\\Application->run(Object(Symfony\\Component\\Console\\Input\\ArgvInput), Object(Symfony\\Component\\Console\\Output\\ConsoleOutput))
#36 /mnt/c/Users/hugo/PhpstormProjects/crm/vendor/laravel/framework/src/Illuminate/Foundation/Console/Kernel.php(129): Illuminate\\Console\\Application->run(Object(Symfony\\Component\\Console\\Input\\ArgvInput), Object(Symfony\\Component\\Console\\Output\\ConsoleOutput))
#37 /mnt/c/Users/hugo/PhpstormProjects/crm/artisan(37): Illuminate\\Foundation\\Console\\Kernel->handle(Object(Symfony\\Component\\Console\\Input\\ArgvInput), Object(Symfony\\Component\\Console\\Output\\ConsoleOutput))
#38 {main}
"} 
[2021-08-01 22:31:44] local.ERROR: could not find driver (SQL: select max(`batch`) as aggregate from `migrations`) {"exception":"[object] (Illuminate\\Database\\QueryException(code: 0): could not find driver (SQL: select max(`batch`) as aggregate from `migrations`) at /mnt/c/Users/hugo/PhpstormProjects/crm/vendor/laravel/framework/src/Illuminate/Database/Connection.php:692)
[stacktrace]
#0 /mnt/c/Users/hugo/PhpstormProjects/crm/vendor/laravel/framework/src/Illuminate/Database/Connection.php(652): Illuminate\\Database\\Connection->runQueryCallback('select max(`bat...', Array, Object(Closure))
#1 /mnt/c/Users/hugo/PhpstormProjects/crm/vendor/laravel/framework/src/Illuminate/Database/Connection.php(360): Illuminate\\Database\\Connection->run('select max(`bat...', Array, Object(Closure))
#2 /mnt/c/Users/hugo/PhpstormProjects/crm/vendor/laravel/framework/src/Illuminate/Database/Query/Builder.php(2351): Illuminate\\Database\\Connection->select('select max(`bat...', Array, false)
#3 /mnt/c/Users/hugo/PhpstormProjects/crm/vendor/laravel/framework/src/Illuminate/Database/Query/Builder.php(2339): Illuminate\\Database\\Query\\Builder->runSelect()
#4 /mnt/c/Users/hugo/PhpstormProjects/crm/vendor/laravel/framework/src/Illuminate/Database/Query/Builder.php(2905): Illuminate\\Database\\Query\\Builder->Illuminate\\Database\\Query\\{closure}()
#5 /mnt/c/Users/hugo/PhpstormProjects/crm/vendor/laravel/framework/src/Illuminate/Database/Query/Builder.php(2340): Illuminate\\Database\\Query\\Builder->onceWithColumns(Array, Object(Closure))
#6 /mnt/c/Users/hugo/PhpstormProjects/crm/vendor/laravel/framework/src/Illuminate/Database/Query/Builder.php(2832): Illuminate\\Database\\Query\\Builder->get(Array)
#7 /mnt/c/Users/hugo/PhpstormProjects/crm/vendor/laravel/framework/src/Illuminate/Database/Query/Builder.php(2782): Illuminate\\Database\\Query\\Builder->aggregate('max', Array)
#8 /mnt/c/Users/hugo/PhpstormProjects/crm/vendor/laravel/framework/src/Illuminate/Database/Migrations/DatabaseMigrationRepository.php(138): Illuminate\\Database\\Query\\Builder->max('batch')
#9 /mnt/c/Users/hugo/PhpstormProjects/crm/vendor/laravel/framework/src/Illuminate/Database/Migrations/DatabaseMigrationRepository.php(78): Illuminate\\Database\\Migrations\\DatabaseMigrationRepository->getLastBatchNumber()
#10 /mnt/c/Users/hugo/PhpstormProjects/crm/vendor/laravel/framework/src/Illuminate/Database/Migrations/Migrator.php(251): Illuminate\\Database\\Migrations\\DatabaseMigrationRepository->getLast()
#11 /mnt/c/Users/hugo/PhpstormProjects/crm/vendor/laravel/framework/src/Illuminate/Database/Migrations/Migrator.php(226): Illuminate\\Database\\Migrations\\Migrator->getMigrationsForRollback(Array)
#12 /mnt/c/Users/hugo/PhpstormProjects/crm/vendor/laravel/framework/src/Illuminate/Database/Console/Migrations/RollbackCommand.php(62): Illuminate\\Database\\Migrations\\Migrator->rollback(Array, Array)
#13 /mnt/c/Users/hugo/PhpstormProjects/crm/vendor/laravel/framework/src/Illuminate/Database/Migrations/Migrator.php(585): Illuminate\\Database\\Console\\Migrations\\RollbackCommand->Illuminate\\Database\\Console\\Migrations\\{closure}()
#14 /mnt/c/Users/hugo/PhpstormProjects/crm/vendor/laravel/framework/src/Illuminate/Database/Console/Migrations/RollbackCommand.php(65): Illuminate\\Database\\Migrations\\Migrator->usingConnection(NULL, Object(Closure))
#15 /mnt/c/Users/hugo/PhpstormProjects/crm/vendor/laravel/framework/src/Illuminate/Container/BoundMethod.php(36): Illuminate\\Database\\Console\\Migrations\\RollbackCommand->handle()
#16 /mnt/c/Users/hugo/PhpstormProjects/crm/vendor/laravel/framework/src/Illuminate/Container/Util.php(40): Illuminate\\Container\\BoundMethod::Illuminate\\Container\\{closure}()
#17 /mnt/c/Users/hugo/PhpstormProjects/crm/vendor/laravel/framework/src/Illuminate/Container/BoundMethod.php(93): Illuminate\\Container\\Util::unwrapIfClosure(Object(Closure))
#18 /mnt/c/Users/hugo/PhpstormProjects/crm/vendor/laravel/framework/src/Illuminate/Container/BoundMethod.php(37): Illuminate\\Container\\BoundMethod::callBoundMethod(Object(Illuminate\\Foundation\\Application), Array, Object(Closure))
#19 /mnt/c/Users/hugo/PhpstormProjects/crm/vendor/laravel/framework/src/Illuminate/Container/Container.php(651): Illuminate\\Container\\BoundMethod::call(Object(Illuminate\\Foundation\\Application), Array, Array, NULL)
#20 /mnt/c/Users/hugo/PhpstormProjects/crm/vendor/laravel/framework/src/Illuminate/Console/Command.php(136): Illuminate\\Container\\Container->call(Array)
#21 /mnt/c/Users/hugo/PhpstormProjects/crm/vendor/symfony/console/Command/Command.php(299): Illuminate\\Console\\Command->execute(Object(Symfony\\Component\\Console\\Input\\ArgvInput), Object(Illuminate\\Console\\OutputStyle))
#22 /mnt/c/Users/hugo/PhpstormProjects/crm/vendor/laravel/framework/src/Illuminate/Console/Command.php(121): Symfony\\Component\\Console\\Command\\Command->run(Object(Symfony\\Component\\Console\\Input\\ArgvInput), Object(Illuminate\\Console\\OutputStyle))
#23 /mnt/c/Users/hugo/PhpstormProjects/crm/vendor/symfony/console/Application.php(978): Illuminate\\Console\\Command->run(Object(Symfony\\Component\\Console\\Input\\ArgvInput), Object(Symfony\\Component\\Console\\Output\\ConsoleOutput))
#24 /mnt/c/Users/hugo/PhpstormProjects/crm/vendor/symfony/console/Application.php(295): Symfony\\Component\\Console\\Application->doRunCommand(Object(Illuminate\\Database\\Console\\Migrations\\RollbackCommand), Object(Symfony\\Component\\Console\\Input\\ArgvInput), Object(Symfony\\Component\\Console\\Output\\ConsoleOutput))
#25 /mnt/c/Users/hugo/PhpstormProjects/crm/vendor/symfony/console/Application.php(167): Symfony\\Component\\Console\\Application->doRun(Object(Symfony\\Component\\Console\\Input\\ArgvInput), Object(Symfony\\Component\\Console\\Output\\ConsoleOutput))
#26 /mnt/c/Users/hugo/PhpstormProjects/crm/vendor/laravel/framework/src/Illuminate/Console/Application.php(92): Symfony\\Component\\Console\\Application->run(Object(Symfony\\Component\\Console\\Input\\ArgvInput), Object(Symfony\\Component\\Console\\Output\\ConsoleOutput))
#27 /mnt/c/Users/hugo/PhpstormProjects/crm/vendor/laravel/framework/src/Illuminate/Foundation/Console/Kernel.php(129): Illuminate\\Console\\Application->run(Object(Symfony\\Component\\Console\\Input\\ArgvInput), Object(Symfony\\Component\\Console\\Output\\ConsoleOutput))
#28 /mnt/c/Users/hugo/PhpstormProjects/crm/artisan(37): Illuminate\\Foundation\\Console\\Kernel->handle(Object(Symfony\\Component\\Console\\Input\\ArgvInput), Object(Symfony\\Component\\Console\\Output\\ConsoleOutput))
#29 {main}

[previous exception] [object] (PDOException(code: 0): could not find driver at /mnt/c/Users/hugo/PhpstormProjects/crm/vendor/laravel/framework/src/Illuminate/Database/Connectors/Connector.php:70)
[stacktrace]
#0 /mnt/c/Users/hugo/PhpstormProjects/crm/vendor/laravel/framework/src/Illuminate/Database/Connectors/Connector.php(70): PDO->__construct('mysql:unix_sock...', 'root', '3671', Array)
#1 /mnt/c/Users/hugo/PhpstormProjects/crm/vendor/laravel/framework/src/Illuminate/Database/Connectors/Connector.php(46): Illuminate\\Database\\Connectors\\Connector->createPdoConnection('mysql:unix_sock...', 'root', '3671', Array)
#2 /mnt/c/Users/hugo/PhpstormProjects/crm/vendor/laravel/framework/src/Illuminate/Database/Connectors/MySqlConnector.php(24): Illuminate\\Database\\Connectors\\Connector->createConnection('mysql:unix_sock...', Array, Array)
#3 /mnt/c/Users/hugo/PhpstormProjects/crm/vendor/laravel/framework/src/Illuminate/Database/Connectors/ConnectionFactory.php(184): Illuminate\\Database\\Connectors\\MySqlConnector->connect(Array)
#4 [internal function]: Illuminate\\Database\\Connectors\\ConnectionFactory->Illuminate\\Database\\Connectors\\{closure}()
#5 /mnt/c/Users/hugo/PhpstormProjects/crm/vendor/laravel/framework/src/Illuminate/Database/Connection.php(999): call_user_func(Object(Closure))
#6 /mnt/c/Users/hugo/PhpstormProjects/crm/vendor/laravel/framework/src/Illuminate/Database/Connection.php(426): Illuminate\\Database\\Connection->getPdo()
#7 /mnt/c/Users/hugo/PhpstormProjects/crm/vendor/laravel/framework/src/Illuminate/Database/Connection.php(352): Illuminate\\Database\\Connection->getPdoForSelect(false)
#8 /mnt/c/Users/hugo/PhpstormProjects/crm/vendor/laravel/framework/src/Illuminate/Database/Connection.php(685): Illuminate\\Database\\Connection->Illuminate\\Database\\{closure}('select max(`bat...', Array)
#9 /mnt/c/Users/hugo/PhpstormProjects/crm/vendor/laravel/framework/src/Illuminate/Database/Connection.php(652): Illuminate\\Database\\Connection->runQueryCallback('select max(`bat...', Array, Object(Closure))
#10 /mnt/c/Users/hugo/PhpstormProjects/crm/vendor/laravel/framework/src/Illuminate/Database/Connection.php(360): Illuminate\\Database\\Connection->run('select max(`bat...', Array, Object(Closure))
#11 /mnt/c/Users/hugo/PhpstormProjects/crm/vendor/laravel/framework/src/Illuminate/Database/Query/Builder.php(2351): Illuminate\\Database\\Connection->select('select max(`bat...', Array, false)
#12 /mnt/c/Users/hugo/PhpstormProjects/crm/vendor/laravel/framework/src/Illuminate/Database/Query/Builder.php(2339): Illuminate\\Database\\Query\\Builder->runSelect()
#13 /mnt/c/Users/hugo/PhpstormProjects/crm/vendor/laravel/framework/src/Illuminate/Database/Query/Builder.php(2905): Illuminate\\Database\\Query\\Builder->Illuminate\\Database\\Query\\{closure}()
#14 /mnt/c/Users/hugo/PhpstormProjects/crm/vendor/laravel/framework/src/Illuminate/Database/Query/Builder.php(2340): Illuminate\\Database\\Query\\Builder->onceWithColumns(Array, Object(Closure))
#15 /mnt/c/Users/hugo/PhpstormProjects/crm/vendor/laravel/framework/src/Illuminate/Database/Query/Builder.php(2832): Illuminate\\Database\\Query\\Builder->get(Array)
#16 /mnt/c/Users/hugo/PhpstormProjects/crm/vendor/laravel/framework/src/Illuminate/Database/Query/Builder.php(2782): Illuminate\\Database\\Query\\Builder->aggregate('max', Array)
#17 /mnt/c/Users/hugo/PhpstormProjects/crm/vendor/laravel/framework/src/Illuminate/Database/Migrations/DatabaseMigrationRepository.php(138): Illuminate\\Database\\Query\\Builder->max('batch')
#18 /mnt/c/Users/hugo/PhpstormProjects/crm/vendor/laravel/framework/src/Illuminate/Database/Migrations/DatabaseMigrationRepository.php(78): Illuminate\\Database\\Migrations\\DatabaseMigrationRepository->getLastBatchNumber()
#19 /mnt/c/Users/hugo/PhpstormProjects/crm/vendor/laravel/framework/src/Illuminate/Database/Migrations/Migrator.php(251): Illuminate\\Database\\Migrations\\DatabaseMigrationRepository->getLast()
#20 /mnt/c/Users/hugo/PhpstormProjects/crm/vendor/laravel/framework/src/Illuminate/Database/Migrations/Migrator.php(226): Illuminate\\Database\\Migrations\\Migrator->getMigrationsForRollback(Array)
#21 /mnt/c/Users/hugo/PhpstormProjects/crm/vendor/laravel/framework/src/Illuminate/Database/Console/Migrations/RollbackCommand.php(62): Illuminate\\Database\\Migrations\\Migrator->rollback(Array, Array)
#22 /mnt/c/Users/hugo/PhpstormProjects/crm/vendor/laravel/framework/src/Illuminate/Database/Migrations/Migrator.php(585): Illuminate\\Database\\Console\\Migrations\\RollbackCommand->Illuminate\\Database\\Console\\Migrations\\{closure}()
#23 /mnt/c/Users/hugo/PhpstormProjects/crm/vendor/laravel/framework/src/Illuminate/Database/Console/Migrations/RollbackCommand.php(65): Illuminate\\Database\\Migrations\\Migrator->usingConnection(NULL, Object(Closure))
#24 /mnt/c/Users/hugo/PhpstormProjects/crm/vendor/laravel/framework/src/Illuminate/Container/BoundMethod.php(36): Illuminate\\Database\\Console\\Migrations\\RollbackCommand->handle()
#25 /mnt/c/Users/hugo/PhpstormProjects/crm/vendor/laravel/framework/src/Illuminate/Container/Util.php(40): Illuminate\\Container\\BoundMethod::Illuminate\\Container\\{closure}()
#26 /mnt/c/Users/hugo/PhpstormProjects/crm/vendor/laravel/framework/src/Illuminate/Container/BoundMethod.php(93): Illuminate\\Container\\Util::unwrapIfClosure(Object(Closure))
#27 /mnt/c/Users/hugo/PhpstormProjects/crm/vendor/laravel/framework/src/Illuminate/Container/BoundMethod.php(37): Illuminate\\Container\\BoundMethod::callBoundMethod(Object(Illuminate\\Foundation\\Application), Array, Object(Closure))
#28 /mnt/c/Users/hugo/PhpstormProjects/crm/vendor/laravel/framework/src/Illuminate/Container/Container.php(651): Illuminate\\Container\\BoundMethod::call(Object(Illuminate\\Foundation\\Application), Array, Array, NULL)
#29 /mnt/c/Users/hugo/PhpstormProjects/crm/vendor/laravel/framework/src/Illuminate/Console/Command.php(136): Illuminate\\Container\\Container->call(Array)
#30 /mnt/c/Users/hugo/PhpstormProjects/crm/vendor/symfony/console/Command/Command.php(299): Illuminate\\Console\\Command->execute(Object(Symfony\\Component\\Console\\Input\\ArgvInput), Object(Illuminate\\Console\\OutputStyle))
#31 /mnt/c/Users/hugo/PhpstormProjects/crm/vendor/laravel/framework/src/Illuminate/Console/Command.php(121): Symfony\\Component\\Console\\Command\\Command->run(Object(Symfony\\Component\\Console\\Input\\ArgvInput), Object(Illuminate\\Console\\OutputStyle))
#32 /mnt/c/Users/hugo/PhpstormProjects/crm/vendor/symfony/console/Application.php(978): Illuminate\\Console\\Command->run(Object(Symfony\\Component\\Console\\Input\\ArgvInput), Object(Symfony\\Component\\Console\\Output\\ConsoleOutput))
#33 /mnt/c/Users/hugo/PhpstormProjects/crm/vendor/symfony/console/Application.php(295): Symfony\\Component\\Console\\Application->doRunCommand(Object(Illuminate\\Database\\Console\\Migrations\\RollbackCommand), Object(Symfony\\Component\\Console\\Input\\ArgvInput), Object(Symfony\\Component\\Console\\Output\\ConsoleOutput))
#34 /mnt/c/Users/hugo/PhpstormProjects/crm/vendor/symfony/console/Application.php(167): Symfony\\Component\\Console\\Application->doRun(Object(Symfony\\Component\\Console\\Input\\ArgvInput), Object(Symfony\\Component\\Console\\Output\\ConsoleOutput))
#35 /mnt/c/Users/hugo/PhpstormProjects/crm/vendor/laravel/framework/src/Illuminate/Console/Application.php(92): Symfony\\Component\\Console\\Application->run(Object(Symfony\\Component\\Console\\Input\\ArgvInput), Object(Symfony\\Component\\Console\\Output\\ConsoleOutput))
#36 /mnt/c/Users/hugo/PhpstormProjects/crm/vendor/laravel/framework/src/Illuminate/Foundation/Console/Kernel.php(129): Illuminate\\Console\\Application->run(Object(Symfony\\Component\\Console\\Input\\ArgvInput), Object(Symfony\\Component\\Console\\Output\\ConsoleOutput))
#37 /mnt/c/Users/hugo/PhpstormProjects/crm/artisan(37): Illuminate\\Foundation\\Console\\Kernel->handle(Object(Symfony\\Component\\Console\\Input\\ArgvInput), Object(Symfony\\Component\\Console\\Output\\ConsoleOutput))
#38 {main}
"} 
